<?xml version="1.0" encoding="UTF-8"?>
<!-- Generated by org.testng.reporters.JUnitReportReporter -->
<testsuite hostname="Swift" failures="0" tests="1" name="com.nobroker.runner.Runner" time="10.279" errors="0" timestamp="19 Dec 2021 17:07:24 GMT" skipped="0">
  <testcase classname="com.nobroker.runner.Runner" name="Nobrokertest" time="10.279"/>
</testsuite> <!-- com.nobroker.runner.Runner -->
